2023-11-22 16:34:12:854 [Appium] Welcome to Appium v2.0.1 (REV HEAD)
2023-11-22 16:34:12:865 [Appium] Non-default server args:
2023-11-22 16:34:12:872 [Appium] { address: '127.0.0.1', basePath: '/wd/hub/', loglevel: 'info:debug' }
2023-11-22 16:34:12:874 [Appium] Attempting to load driver uiautomator2...
2023-11-22 16:34:12:884 [Appium] Requiring driver at C:\Users\91955\.appium\node_modules\appium-uiautomator2-driver
2023-11-22 16:34:18:273 [Appium] Attempting to load driver xcuitest...
2023-11-22 16:34:18:277 [Appium] Requiring driver at C:\Users\91955\.appium\node_modules\appium-xcuitest-driver
2023-11-22 16:34:23:209 [Appium] Appium REST http interface listener started on http://127.0.0.1:4723/wd/hub
2023-11-22 16:34:23:211 [Appium] Available drivers:
2023-11-22 16:34:23:212 [Appium]   - uiautomator2@2.34.1 (automationName 'UiAutomator2')
2023-11-22 16:34:23:212 [Appium]   - xcuitest@5.9.1 (automationName 'XCUITest')
2023-11-22 16:34:23:213 [Appium] No plugins have been installed. Use the "appium plugin" command to install the one(s) you want to use.
2023-11-22 16:34:23:387 [HTTP] --> GET /wd/hub/status
2023-11-22 16:34:23:388 [HTTP] {}
2023-11-22 16:34:23:394 [AppiumDriver@25c3] Calling AppiumDriver.getStatus() with args: []
2023-11-22 16:34:23:416 [AppiumDriver@25c3] Responding to client with driver.getStatus() result: {"build":{"version":"2.0.1","git-sha":"HEAD"}}
2023-11-22 16:34:23:440 [HTTP] <-- GET /wd/hub/status 200 52 ms - 56
2023-11-22 16:34:23:440 [HTTP] 
2023-11-22 16:47:33:268 [HTTP] --> GET /wd/hub/status
2023-11-22 16:47:33:276 [HTTP] {}
2023-11-22 16:47:33:282 [AppiumDriver@25c3] Calling AppiumDriver.getStatus() with args: []
2023-11-22 16:47:33:341 uncaughtException: EPIPE: broken pipe, write
Error: EPIPE: broken pipe, write
    at Socket._write (node:internal/net:61:25)
    at writeOrBuffer (node:internal/streams/writable:447:12)
    at _write (node:internal/streams/writable:389:10)
    at Socket.Writable.write (node:internal/streams/writable:393:10)
    at Console.log (C:\Users\91955\AppData\Roaming\npm\node_modules\appium\node_modules\winston\lib\winston\transports\console.js:79:23)
    at Console._write (C:\Users\91955\AppData\Roaming\npm\node_modules\appium\node_modules\winston-transport\index.js:103:17)
    at doWrite (C:\Users\91955\AppData\Roaming\npm\node_modules\appium\node_modules\readable-stream\lib\_stream_writable.js:390:139)
    at writeOrBuffer (C:\Users\91955\AppData\Roaming\npm\node_modules\appium\node_modules\readable-stream\lib\_stream_writable.js:381:5)
    at Console.Writable.write (C:\Users\91955\AppData\Roaming\npm\node_modules\appium\node_modules\readable-stream\lib\_stream_writable.js:302:11)
    at DerivedLogger.ondata (C:\Users\91955\AppData\Roaming\npm\node_modules\appium\node_modules\readable-stream\lib\_stream_readable.js:629:20)
    at DerivedLogger.emit (node:events:526:35)
    at addChunk (C:\Users\91955\AppData\Roaming\npm\node_modules\appium\node_modules\readable-stream\lib\_stream_readable.js:279:12)
    at readableAddChunk (C:\Users\91955\AppData\Roaming\npm\node_modules\appium\node_modules\readable-stream\lib\_stream_readable.js:262:11)
    at DerivedLogger.Readable.push (C:\Users\91955\AppData\Roaming\npm\node_modules\appium\node_modules\readable-stream\lib\_stream_readable.js:228:10)
    at DerivedLogger.Transform.push (C:\Users\91955\AppData\Roaming\npm\node_modules\appium\node_modules\readable-stream\lib\_stream_transform.js:132:32)
    at DerivedLogger._transform (C:\Users\91955\AppData\Roaming\npm\node_modules\appium\node_modules\winston\lib\winston\logger.js:313:12)
    at DerivedLogger.Transform._read (C:\Users\91955\AppData\Roaming\npm\node_modules\appium\node_modules\readable-stream\lib\_stream_transform.js:166:10)
    at DerivedLogger.Transform._write (C:\Users\91955\AppData\Roaming\npm\node_modules\appium\node_modules\readable-stream\lib\_stream_transform.js:155:83)
    at doWrite (C:\Users\91955\AppData\Roaming\npm\node_modules\appium\node_modules\readable-stream\lib\_stream_writable.js:390:139)
    at writeOrBuffer (C:\Users\91955\AppData\Roaming\npm\node_modules\appium\node_modules\readable-stream\lib\_stream_writable.js:381:5)
    at DerivedLogger.Writable.write (C:\Users\91955\AppData\Roaming\npm\node_modules\appium\node_modules\readable-stream\lib\_stream_writable.js:302:11)
    at DerivedLogger.<computed> [as info] (C:\Users\91955\AppData\Roaming\npm\node_modules\appium\node_modules\winston\lib\winston\create-logger.js:81:14)
    at EventEmitter.<anonymous> (C:\Users\91955\AppData\Roaming\npm\node_modules\appium\lib\logsink.js:230:24)
    at EventEmitter.emit (node:events:514:28)
    at EventEmitter.<anonymous> (C:\Users\91955\AppData\Roaming\npm\node_modules\appium\node_modules\npmlog\lib\log.js:247:8)
    at EventEmitter.<anonymous> (C:\Users\91955\AppData\Roaming\npm\node_modules\appium\node_modules\npmlog\lib\log.js:377:23)
    at Object.wrappedLogger.<computed> [as info] (C:\Users\91955\AppData\Roaming\npm\node_modules\appium\node_modules\@appium\support\lib\logging.js:106:24)
    at startLogFormatter.immediate (C:\Users\91955\AppData\Roaming\npm\node_modules\appium\node_modules\@appium\base-driver\lib\express\express-logging.js:54:9)
2023-11-22 16:47:33:345 uncaughtException: EPIPE: broken pipe, write
Error: EPIPE: broken pipe, write
    at Socket._write (node:internal/net:61:25)
    at writeOrBuffer (node:internal/streams/writable:447:12)
    at _write (node:internal/streams/writable:389:10)
    at Socket.Writable.write (node:internal/streams/writable:393:10)
    at Console.log (C:\Users\91955\AppData\Roaming\npm\node_modules\appium\node_modules\winston\lib\winston\transports\console.js:51:25)
    at Console._write (C:\Users\91955\AppData\Roaming\npm\node_modules\appium\node_modules\winston-transport\index.js:103:17)
    at doWrite (C:\Users\91955\AppData\Roaming\npm\node_modules\appium\node_modules\readable-stream\lib\_stream_writable.js:390:139)
    at writeOrBuffer (C:\Users\91955\AppData\Roaming\npm\node_modules\appium\node_modules\readable-stream\lib\_stream_writable.js:381:5)
    at Console.Writable.write (C:\Users\91955\AppData\Roaming\npm\node_modules\appium\node_modules\readable-stream\lib\_stream_writable.js:302:11)
    at DerivedLogger.ondata (C:\Users\91955\AppData\Roaming\npm\node_modules\appium\node_modules\readable-stream\lib\_stream_readable.js:629:20)
    at DerivedLogger.emit (node:events:526:35)
    at addChunk (C:\Users\91955\AppData\Roaming\npm\node_modules\appium\node_modules\readable-stream\lib\_stream_readable.js:279:12)
    at readableAddChunk (C:\Users\91955\AppData\Roaming\npm\node_modules\appium\node_modules\readable-stream\lib\_stream_readable.js:262:11)
    at DerivedLogger.Readable.push (C:\Users\91955\AppData\Roaming\npm\node_modules\appium\node_modules\readable-stream\lib\_stream_readable.js:228:10)
    at DerivedLogger.Transform.push (C:\Users\91955\AppData\Roaming\npm\node_modules\appium\node_modules\readable-stream\lib\_stream_transform.js:132:32)
    at DerivedLogger._transform (C:\Users\91955\AppData\Roaming\npm\node_modules\appium\node_modules\winston\lib\winston\logger.js:313:12)
    at DerivedLogger.Transform._read (C:\Users\91955\AppData\Roaming\npm\node_modules\appium\node_modules\readable-stream\lib\_stream_transform.js:166:10)
    at DerivedLogger.Transform._write (C:\Users\91955\AppData\Roaming\npm\node_modules\appium\node_modules\readable-stream\lib\_stream_transform.js:155:83)
    at doWrite (C:\Users\91955\AppData\Roaming\npm\node_modules\appium\node_modules\readable-stream\lib\_stream_writable.js:390:139)
    at writeOrBuffer (C:\Users\91955\AppData\Roaming\npm\node_modules\appium\node_modules\readable-stream\lib\_stream_writable.js:381:5)
    at DerivedLogger.Writable.write (C:\Users\91955\AppData\Roaming\npm\node_modules\appium\node_modules\readable-stream\lib\_stream_writable.js:302:11)
    at DerivedLogger.log (C:\Users\91955\AppData\Roaming\npm\node_modules\appium\node_modules\winston\lib\winston\logger.js:216:12)
    at ExceptionHandler._uncaughtException (C:\Users\91955\AppData\Roaming\npm\node_modules\appium\node_modules\winston\lib\winston\exception-handler.js:220:17)
    at process.emit (node:events:514:28)
    at processEmit (C:\Users\91955\AppData\Roaming\npm\node_modules\appium\node_modules\signal-exit\index.js:199:34)
    at process.emit (C:\Users\91955\AppData\Roaming\npm\node_modules\appium\node_modules\source-map-support\source-map-support.js:516:21)
    at process.emit (C:\Users\91955\.appium\node_modules\appium-uiautomator2-driver\node_modules\source-map-support\source-map-support.js:516:21)
    at processEmit (C:\Users\91955\.appium\node_modules\appium-uiautomator2-driver\node_modules\signal-exit\index.js:199:34)
2023-11-22 16:47:33:351 uncaughtException: EPIPE: broken pipe, write
Error: EPIPE: broken pipe, write
    at Socket._write (node:internal/net:61:25)
    at writeOrBuffer (node:internal/streams/writable:447:12)
    at _write (node:internal/streams/writable:389:10)
    at Socket.Writable.write (node:internal/streams/writable:393:10)
    at Console.log (C:\Users\91955\AppData\Roaming\npm\node_modules\appium\node_modules\winston\lib\winston\transports\console.js:51:25)
    at Console._write (C:\Users\91955\AppData\Roaming\npm\node_modules\appium\node_modules\winston-transport\index.js:103:17)
    at doWrite (C:\Users\91955\AppData\Roaming\npm\node_modules\appium\node_modules\readable-stream\lib\_stream_writable.js:390:139)
    at writeOrBuffer (C:\Users\91955\AppData\Roaming\npm\node_modules\appium\node_modules\readable-stream\lib\_stream_writable.js:381:5)
    at Console.Writable.write (C:\Users\91955\AppData\Roaming\npm\node_modules\appium\node_modules\readable-stream\lib\_stream_writable.js:302:11)
    at DerivedLogger.ondata (C:\Users\91955\AppData\Roaming\npm\node_modules\appium\node_modules\readable-stream\lib\_stream_readable.js:629:20)
    at DerivedLogger.emit (node:events:526:35)
    at addChunk (C:\Users\91955\AppData\Roaming\npm\node_modules\appium\node_modules\readable-stream\lib\_stream_readable.js:279:12)
    at readableAddChunk (C:\Users\91955\AppData\Roaming\npm\node_modules\appium\node_modules\readable-stream\lib\_stream_readable.js:262:11)
    at DerivedLogger.Readable.push (C:\Users\91955\AppData\Roaming\npm\node_modules\appium\node_modules\readable-stream\lib\_stream_readable.js:228:10)
    at DerivedLogger.Transform.push (C:\Users\91955\AppData\Roaming\npm\node_modules\appium\node_modules\readable-stream\lib\_stream_transform.js:132:32)
    at DerivedLogger._transform (C:\Users\91955\AppData\Roaming\npm\node_modules\appium\node_modules\winston\lib\winston\logger.js:313:12)
    at DerivedLogger.Transform._read (C:\Users\91955\AppData\Roaming\npm\node_modules\appium\node_modules\readable-stream\lib\_stream_transform.js:166:10)
    at DerivedLogger.Transform._write (C:\Users\91955\AppData\Roaming\npm\node_modules\appium\node_modules\readable-stream\lib\_stream_transform.js:155:83)
    at doWrite (C:\Users\91955\AppData\Roaming\npm\node_modules\appium\node_modules\readable-stream\lib\_stream_writable.js:390:139)
    at writeOrBuffer (C:\Users\91955\AppData\Roaming\npm\node_modules\appium\node_modules\readable-stream\lib\_stream_writable.js:381:5)
    at DerivedLogger.Writable.write (C:\Users\91955\AppData\Roaming\npm\node_modules\appium\node_modules\readable-stream\lib\_stream_writable.js:302:11)
    at DerivedLogger.log (C:\Users\91955\AppData\Roaming\npm\node_modules\appium\node_modules\winston\lib\winston\logger.js:216:12)
    at ExceptionHandler._uncaughtException (C:\Users\91955\AppData\Roaming\npm\node_modules\appium\node_modules\winston\lib\winston\exception-handler.js:220:17)
    at process.emit (node:events:514:28)
    at processEmit (C:\Users\91955\AppData\Roaming\npm\node_modules\appium\node_modules\signal-exit\index.js:199:34)
    at process.emit (C:\Users\91955\AppData\Roaming\npm\node_modules\appium\node_modules\source-map-support\source-map-support.js:516:21)
    at process.emit (C:\Users\91955\.appium\node_modules\appium-uiautomator2-driver\node_modules\source-map-support\source-map-support.js:516:21)
    at processEmit (C:\Users\91955\.appium\node_modules\appium-uiautomator2-driver\node_modules\signal-exit\index.js:199:34)
2023-11-22 16:47:33:353 uncaughtException: EPIPE: broken pipe, write
Error: EPIPE: broken pipe, write
    at Socket._write (node:internal/net:61:25)
    at writeOrBuffer (node:internal/streams/writable:447:12)
    at _write (node:internal/streams/writable:389:10)
    at Socket.Writable.write (node:internal/streams/writable:393:10)
    at Console.log (C:\Users\91955\AppData\Roaming\npm\node_modules\appium\node_modules\winston\lib\winston\transports\console.js:51:25)
    at Console._write (C:\Users\91955\AppData\Roaming\npm\node_modules\appium\node_modules\winston-transport\index.js:103:17)
    at doWrite (C:\Users\91955\AppData\Roaming\npm\node_modules\appium\node_modules\readable-stream\lib\_stream_writable.js:390:139)
    at writeOrBuffer (C:\Users\91955\AppData\Roaming\npm\node_modules\appium\node_modules\readable-stream\lib\_stream_writable.js:381:5)
    at Console.Writable.write (C:\Users\91955\AppData\Roaming\npm\node_modules\appium\node_modules\readable-stream\lib\_stream_writable.js:302:11)
    at DerivedLogger.ondata (C:\Users\91955\AppData\Roaming\npm\node_modules\appium\node_modules\readable-stream\lib\_stream_readable.js:629:20)
    at DerivedLogger.emit (node:events:526:35)
    at addChunk (C:\Users\91955\AppData\Roaming\npm\node_modules\appium\node_modules\readable-stream\lib\_stream_readable.js:279:12)
    at readableAddChunk (C:\Users\91955\AppData\Roaming\npm\node_modules\appium\node_modules\readable-stream\lib\_stream_readable.js:262:11)
    at DerivedLogger.Readable.push (C:\Users\91955\AppData\Roaming\npm\node_modules\appium\node_modules\readable-stream\lib\_stream_readable.js:228:10)
    at DerivedLogger.Transform.push (C:\Users\91955\AppData\Roaming\npm\node_modules\appium\node_modules\readable-stream\lib\_stream_transform.js:132:32)
    at DerivedLogger._transform (C:\Users\91955\AppData\Roaming\npm\node_modules\appium\node_modules\winston\lib\winston\logger.js:313:12)
    at DerivedLogger.Transform._read (C:\Users\91955\AppData\Roaming\npm\node_modules\appium\node_modules\readable-stream\lib\_stream_transform.js:166:10)
    at DerivedLogger.Transform._write (C:\Users\91955\AppData\Roaming\npm\node_modules\appium\node_modules\readable-stream\lib\_stream_transform.js:155:83)
    at doWrite (C:\Users\91955\AppData\Roaming\npm\node_modules\appium\node_modules\readable-stream\lib\_stream_writable.js:390:139)
    at writeOrBuffer (C:\Users\91955\AppData\Roaming\npm\node_modules\appium\node_modules\readable-stream\lib\_stream_writable.js:381:5)
    at DerivedLogger.Writable.write (C:\Users\91955\AppData\Roaming\npm\node_modules\appium\node_modules\readable-stream\lib\_stream_writable.js:302:11)
    at DerivedLogger.log (C:\Users\91955\AppData\Roaming\npm\node_modules\appium\node_modules\winston\lib\winston\logger.js:216:12)
    at ExceptionHandler._uncaughtException (C:\Users\91955\AppData\Roaming\npm\node_modules\appium\node_modules\winston\lib\winston\exception-handler.js:220:17)
    at process.emit (node:events:514:28)
    at processEmit (C:\Users\91955\AppData\Roaming\npm\node_modules\appium\node_modules\signal-exit\index.js:199:34)
    at process.emit (C:\Users\91955\AppData\Roaming\npm\node_modules\appium\node_modules\source-map-support\source-map-support.js:516:21)
    at process.emit (C:\Users\91955\.appium\node_modules\appium-uiautomator2-driver\node_modules\source-map-support\source-map-support.js:516:21)
    at processEmit (C:\Users\91955\.appium\node_modules\appium-uiautomator2-driver\node_modules\signal-exit\index.js:199:34)
2023-11-22 16:47:33:359 uncaughtException: EPIPE: broken pipe, write
Error: EPIPE: broken pipe, write
    at Socket._write (node:internal/net:61:25)
    at writeOrBuffer (node:internal/streams/writable:447:12)
    at _write (node:internal/streams/writable:389:10)
    at Socket.Writable.write (node:internal/streams/writable:393:10)
    at Console.log (C:\Users\91955\AppData\Roaming\npm\node_modules\appium\node_modules\winston\lib\winston\transports\console.js:51:25)
    at Console._write (C:\Users\91955\AppData\Roaming\npm\node_modules\appium\node_modules\winston-transport\index.js:103:17)
    at doWrite (C:\Users\91955\AppData\Roaming\npm\node_modules\appium\node_modules\readable-stream\lib\_stream_writable.js:390:139)
    at writeOrBuffer (C:\Users\91955\AppData\Roaming\npm\node_modules\appium\node_modules\readable-stream\lib\_stream_writable.js:381:5)
    at Console.Writable.write (C:\Users\91955\AppData\Roaming\npm\node_modules\appium\node_modules\readable-stream\lib\_stream_writable.js:302:11)
    at DerivedLogger.ondata (C:\Users\91955\AppData\Roaming\npm\node_modules\appium\node_modules\readable-stream\lib\_stream_readable.js:629:20)
    at DerivedLogger.emit (node:events:526:35)
    at addChunk (C:\Users\91955\AppData\Roaming\npm\node_modules\appium\node_modules\readable-stream\lib\_stream_readable.js:279:12)
    at readableAddChunk (C:\Users\91955\AppData\Roaming\npm\node_modules\appium\node_modules\readable-stream\lib\_stream_readable.js:262:11)
    at DerivedLogger.Readable.push (C:\Users\91955\AppData\Roaming\npm\node_modules\appium\node_modules\readable-stream\lib\_stream_readable.js:228:10)
    at DerivedLogger.Transform.push (C:\Users\91955\AppData\Roaming\npm\node_modules\appium\node_modules\readable-stream\lib\_stream_transform.js:132:32)
    at DerivedLogger._transform (C:\Users\91955\AppData\Roaming\npm\node_modules\appium\node_modules\winston\lib\winston\logger.js:313:12)
    at DerivedLogger.Transform._read (C:\Users\91955\AppData\Roaming\npm\node_modules\appium\node_modules\readable-stream\lib\_stream_transform.js:166:10)
    at DerivedLogger.Transform._write (C:\Users\91955\AppData\Roaming\npm\node_modules\appium\node_modules\readable-stream\lib\_stream_transform.js:155:83)
    at doWrite (C:\Users\91955\AppData\Roaming\npm\node_modules\appium\node_modules\readable-stream\lib\_stream_writable.js:390:139)
    at writeOrBuffer (C:\Users\91955\AppData\Roaming\npm\node_modules\appium\node_modules\readable-stream\lib\_stream_writable.js:381:5)
    at DerivedLogger.Writable.write (C:\Users\91955\AppData\Roaming\npm\node_modules\appium\node_modules\readable-stream\lib\_stream_writable.js:302:11)
    at DerivedLogger.log (C:\Users\91955\AppData\Roaming\npm\node_modules\appium\node_modules\winston\lib\winston\logger.js:216:12)
    at ExceptionHandler._uncaughtException (C:\Users\91955\AppData\Roaming\npm\node_modules\appium\node_modules\winston\lib\winston\exception-handler.js:220:17)
    at process.emit (node:events:514:28)
    at processEmit (C:\Users\91955\AppData\Roaming\npm\node_modules\appium\node_modules\signal-exit\index.js:199:34)
    at process.emit (C:\Users\91955\AppData\Roaming\npm\node_modules\appium\node_modules\source-map-support\source-map-support.js:516:21)
    at process.emit (C:\Users\91955\.appium\node_modules\appium-uiautomator2-driver\node_modules\source-map-support\source-map-support.js:516:21)
    at processEmit (C:\Users\91955\.appium\node_modules\appium-uiautomator2-driver\node_modules\signal-exit\index.js:199:34)
